Build started 05/01/2017 18:52:57.
     1>Project "C:\Users\Julien\Documents\Visual Studio 2013\Projects\Old Voxel\Game.vcxproj" on node 2 (Build target(s)).
     1>ClCompile:
         C:\Program Files (x86)\Microsoft Visual Studio 12.0\VC\bin\CL.exe /c /Zi /nologo /W3 /WX- /sdl /O2 /Oi /Oy- /GL /D GLEW_STATIC /D _MBCS /Gm- /EHsc /MD /GS /Gy /fp:precise /Zc:wchar_t /Zc:forScope /Fo"Release\\" /Fd"Release\vc120.pdb" /Gd /TP /analyze- /errorReport:prompt Biome.cpp
         Biome.cpp
       Link:
         C:\Program Files (x86)\Microsoft Visual Studio 12.0\VC\bin\link.exe /ERRORREPORT:PROMPT /OUT:"C:\Users\Julien\Documents\Visual Studio 2013\Projects\Old Voxel\Release\Game.exe" /NOLOGO SDL2.lib SDL2main.lib SDL2_net.lib opengl32.lib glew32s.lib kernel32.lib user32.lib gdi32.lib winspool.lib comdlg32.lib advapi32.lib shell32.lib ole32.lib oleaut32.lib uuid.lib odbc32.lib odbccp32.lib /MANIFEST /MANIFESTUAC:"level='asInvoker' uiAccess='false'" /manifest:embed /DEBUG /PDB:"C:\Users\Julien\Documents\Visual Studio 2013\Projects\Old Voxel\Release\Game.pdb" /SUBSYSTEM:CONSOLE /OPT:REF /OPT:ICF /LTCG /TLBID:1 /DYNAMICBASE /NXCOMPAT /IMPLIB:"C:\Users\Julien\Documents\Visual Studio 2013\Projects\Old Voxel\Release\Game.lib" /MACHINE:X86 /SAFESEH Release\Biome.obj
         Release\Bloom.obj
         Release\Camera.obj
         Release\Chunk.obj
         Release\ChunkManager.obj
         Release\Client.obj
         Release\ConnectionController.obj
         Release\DataContainer.obj
         Release\Entity.obj
         Release\EntityController.obj
         Release\EntityManager.obj
         Release\FrustumCuller.obj
         Release\FXAA.obj
         Release\Human.obj
         Release\Input.obj
         Release\Light.obj
         Release\Lighting.obj
         Release\Main.obj
         Release\Mat4.obj
         Release\Mob.obj
         Release\Model.obj
         Release\ModelLoader.obj
         Release\ModelManager.obj
         Release\ModelViewProjection.obj
         Release\Noise.obj
         Release\PhysicsMob.obj
         Release\PlayerController.obj
         Release\Profiler.obj
         Release\RenderingEngine.obj
         Release\Save.obj
         Release\Server.obj
         Release\Shader.obj
         Release\Shadow.obj
         Release\Sky.obj
         Release\SSAO.obj
         Release\stb_image.obj
         Release\Texture.obj
         Release\ThreadManager.obj
         Release\Transform.obj
         Release\Util.obj
         Release\Vec2.obj
         Release\Vec3.obj
         Release\Vec3i.obj
         Release\VertexBufferObject.obj
         Release\VertexData.obj
         Release\VoxelArrayContainer.obj
         Release\VoxelContainer.obj
         Release\VoxelMesher.obj
         Release\Window.obj
         Release\World.obj
     1>LINK : warning LNK4098: defaultlib 'LIBCMT' conflicts with use of other libs; use /NODEFAULTLIB:library
         Generating code
         Finished generating code
     1>glew32s.lib(glew.obj) : warning LNK4204: 'C:\Users\Julien\Documents\Visual Studio 2013\Projects\Old Voxel\Release\vc120.pdb' is missing debugging information for referencing module; linking object as if no debug info
         Game.vcxproj -> C:\Users\Julien\Documents\Visual Studio 2013\Projects\Old Voxel\Release\Game.exe
     1>Done Building Project "C:\Users\Julien\Documents\Visual Studio 2013\Projects\Old Voxel\Game.vcxproj" (Build target(s)).

Build succeeded.

Time Elapsed 00:00:03.18
