c:\users\julien\documents\visual studio 2013\projects\game\game\release\vc120.pdb
c:\users\julien\documents\visual studio 2013\projects\game\game\release\mat4.obj
c:\users\julien\documents\visual studio 2013\projects\game\game\release\lighting.obj
c:\users\julien\documents\visual studio 2013\projects\game\game\release\light.obj
c:\users\julien\documents\visual studio 2013\projects\game\game\release\input.obj
c:\users\julien\documents\visual studio 2013\projects\game\game\release\fxaa.obj
c:\users\julien\documents\visual studio 2013\projects\game\game\release\frustumculler.obj
c:\users\julien\documents\visual studio 2013\projects\game\game\release\datacontainer.obj
c:\users\julien\documents\visual studio 2013\projects\game\game\release\camera.obj
c:\users\julien\documents\visual studio 2013\projects\game\game\release\bloom.obj
c:\users\julien\documents\visual studio 2013\projects\game\game\release\vec3.obj
c:\users\julien\documents\visual studio 2013\projects\game\game\release\vec2.obj
c:\users\julien\documents\visual studio 2013\projects\game\game\release\util.obj
c:\users\julien\documents\visual studio 2013\projects\game\game\release\transform.obj
c:\users\julien\documents\visual studio 2013\projects\game\game\release\threadmanager.obj
c:\users\julien\documents\visual studio 2013\projects\game\game\release\texture.obj
c:\users\julien\documents\visual studio 2013\projects\game\game\release\ssao.obj
c:\users\julien\documents\visual studio 2013\projects\game\game\release\sky.obj
c:\users\julien\documents\visual studio 2013\projects\game\game\release\shader.obj
c:\users\julien\documents\visual studio 2013\projects\game\game\release\renderingengine.obj
c:\users\julien\documents\visual studio 2013\projects\game\game\release\profiler.obj
c:\users\julien\documents\visual studio 2013\projects\game\game\release\noise.obj
c:\users\julien\documents\visual studio 2013\projects\game\game\release\modelviewprojection.obj
c:\users\julien\documents\visual studio 2013\projects\game\game\release\modelmanager.obj
c:\users\julien\documents\visual studio 2013\projects\game\game\release\modelloader.obj
c:\users\julien\documents\visual studio 2013\projects\game\game\release\model.obj
c:\users\julien\documents\visual studio 2013\projects\game\game\release\window.obj
c:\users\julien\documents\visual studio 2013\projects\game\game\release\voxelcontainer.obj
c:\users\julien\documents\visual studio 2013\projects\game\game\release\voxelarraycontainer.obj
c:\users\julien\documents\visual studio 2013\projects\game\game\release\vertexdata.obj
c:\users\julien\documents\visual studio 2013\projects\game\game\release\vertexbufferobject.obj
c:\users\julien\documents\visual studio 2013\projects\game\game\release\mob.obj
c:\users\julien\documents\visual studio 2013\projects\game\game\release\main.obj
c:\users\julien\documents\visual studio 2013\projects\game\game\release\human.obj
c:\users\julien\documents\visual studio 2013\projects\game\game\release\entitymanager.obj
c:\users\julien\documents\visual studio 2013\projects\game\game\release\entitycontroller.obj
c:\users\julien\documents\visual studio 2013\projects\game\game\release\entity.obj
c:\users\julien\documents\visual studio 2013\projects\game\game\release\connectioncontroller.obj
c:\users\julien\documents\visual studio 2013\projects\game\game\release\client.obj
c:\users\julien\documents\visual studio 2013\projects\game\game\release\chunk.obj
c:\users\julien\documents\visual studio 2013\projects\game\game\release\biome.obj
c:\users\julien\documents\visual studio 2013\projects\game\game\release\voxelmesher.obj
c:\users\julien\documents\visual studio 2013\projects\game\game\release\shadow.obj
c:\users\julien\documents\visual studio 2013\projects\game\game\release\server.obj
c:\users\julien\documents\visual studio 2013\projects\game\game\release\playercontroller.obj
c:\users\julien\documents\visual studio 2013\projects\game\game\release\physicsmob.obj
c:\users\julien\documents\visual studio 2013\projects\game\game\release\world.obj
c:\users\julien\documents\visual studio 2013\projects\game\game\release\chunkmanager.obj
c:\users\julien\documents\visual studio 2013\projects\game\game\release\stb_image.obj
c:\users\julien\documents\visual studio 2013\projects\game\release\game.exe
c:\users\julien\documents\visual studio 2013\projects\game\release\game.pdb
c:\users\julien\documents\visual studio 2013\projects\game\game\release\game.tlog\cl.command.1.tlog
c:\users\julien\documents\visual studio 2013\projects\game\game\release\game.tlog\cl.read.1.tlog
c:\users\julien\documents\visual studio 2013\projects\game\game\release\game.tlog\cl.write.1.tlog
c:\users\julien\documents\visual studio 2013\projects\game\game\release\game.tlog\link.command.1.tlog
c:\users\julien\documents\visual studio 2013\projects\game\game\release\game.tlog\link.read.1.tlog
c:\users\julien\documents\visual studio 2013\projects\game\game\release\game.tlog\link.write.1.tlog
